atlantis.are
torcal.are
relic.are
help.are
limbo.are
smurf.are
plains.are
ultima.are
ofcol2.are
olympus.are
air.are
shire.are
hitower.are
gnome.are
wyvern.are
catacomb.are
bsdhq.are
wthq.are
hood.are
draconia.are
mahntor.are
trollden.are
firenewt.are
midgaard.are
chapel.are
midennir.are
grave.are
school.are
moria.are
juargan.are
eastern.are
kavir.are
pyramid.are
drow.are
thalos.are
mirror.are
ofcol.are
haon.are
arachnos.are
dwarven.are
daycare.are
sewer.are
valley.are
redferne.are
mega1.are
marsh.are
dream.are
grove.are
dylan.are
canyon.are
galaxy.are
mobfact.are
start.are
quest.are
abode.are
hell.are
db.are
doom.are
Vallanda.are
weed.are
arena.are
god.are
highland.are
mage.are
arkyn.are
monk.are
red.are
drowhq.are
ninja.are
$
