Sat Mar  7 20:37:11 1998 :: [*****] FILE: highland.are LINE: 518
Sat Mar  7 20:37:11 1998 :: [*****] BUG: Fread_number: bad format.
Sat Mar  7 20:37:57 1998 :: [*****] FILE: highland.are LINE: 518
Sat Mar  7 20:37:57 1998 :: [*****] BUG: Fread_number: bad format.
Sat Mar  7 20:38:34 1998 :: The endless Armageddon is ready to rock on port 9999.
Sat Mar  7 20:38:36 1998 :: Sock.sinaddr:  207.204.207.124
Sat Mar  7 20:38:36 1998 :: Andrea trying to connect.
Sat Mar  7 20:38:36 1998 :: Sock.sinaddr:  204.97.172.197
Sat Mar  7 20:38:36 1998 :: Andrea@pm1-sj-124.REDSHIFT.com has connected.
Sat Mar  7 20:38:37 1998 :: Sock.sinaddr:  207.13.83.55
Sun Mar  8 20:27:55 1998 :: The endless Armageddon is ready to rock on port 9998.
Sun Mar  8 20:27:56 1998 :: Sock.sinaddr:  207.204.207.128
Sun Mar  8 20:27:57 1998 :: Andrea trying to connect.
Sun Mar  8 20:27:57 1998 :: Andrea@pm1-sj-128.REDSHIFT.com has connected.
Sun Mar  8 20:33:30 1998 :: Log Andrea: reboot
Sun Mar  8 20:33:30 1998 :: Normal termination of game.
Sun Mar  8 20:53:42 1998 :: [*****] FILE: highland.are LINE: 512
Sun Mar  8 20:53:42 1998 :: [*****] BUG: Fread_number: bad format.
Segmentation fault
Segmentation fault
Segmentation fault
Segmentation fault
Segmentation fault
Segmentation fault
Segmentation fault
Segmentation fault
Segmentation fault
Segmentation fault
Segmentation fault
Segmentation fault
Segmentation fault
Segmentation fault
Segmentation fault
Segmentation fault
Segmentation fault
Segmentation fault
Segmentation fault
Segmentation fault
Segmentation fault
Segmentation fault
Segmentation fault
Segmentation fault
Segmentation fault
Segmentation fault
nice: ../src/startup: Permission denied
nice: ../src/startup: Permission denied
nice: startup: No such file or directory
../log/1000.log: No such file or directory.
../log/1000.log: No such file or directory.
../log/1000.log: No such file or directory.
../log/1000.log: No such file or directory.
../log/1000.log: No such file or directory.
../log/1000.log: No such file or directory.
../log/1000.log: No such file or directory.
../log/1000.log: No such file or directory.
../log/1000.log: No such file or directory.
../log/1000.log: No such file or directory.
../log/1000.log: No such file or directory.
../log/1000.log: No such file or directory.
../log/1000.log: No such file or directory.
../log/1000.log: No such file or directory.
../log/1000.log: No such file or directory.
../log/1000.log: No such file or directory.
../log/1000.log: No such file or directory.
../log/1000.log: No such file or directory.
../log/1000.log: No such file or directory.
../log/1000.log: No such file or directory.
../log/1000.log: No such file or directory.
../log/1000.log: No such file or directory.
../log/1000.log: No such file or directory.
../log/1000.log: No such file or directory.
../log/1000.log: No such file or directory.
../log/1000.log: No such file or directory.
../log/1000.log: No such file or directory.
../log/1000.log: No such file or directory.
../log/1000.log: No such file or directory.
../log/1000.log: No such file or directory.
../log/1000.log: No such file or directory.
../log/1000.log: No such file or directory.
../log/1000.log: No such file or directory.
../log/1000.log: No such file or directory.
nice: startup: No such file or directory
../log/1000.log: No such file or directory.
../log/1000.log: No such file or directory.
../log/1000.log: No such file or directory.
../log/1000.log: No such file or directory.
../log/1000.log: No such file or directory.
../log/1000.log: No such file or directory.
../log/1000.log: No such file or directory.
../log/1000.log: No such file or directory.
../log/1000.log: No such file or directory.
../log/1000.log: No such file or directory.
../log/1000.log: No such file or directory.
../log/1000.log: No such file or directory.
../log/1000.log: No such file or directory.
../log/1000.log: No such file or directory.
../log/1000.log: No such file or directory.
../log/1000.log: No such file or directory.
../log/1000.log: No such file or directory.
../log/1000.log: No such file or directory.
../log/1000.log: No such file or directory.
../log/1000.log: No such file or directory.
../log/1000.log: No such file or directory.
../log/1000.log: No such file or directory.
../log/1000.log: No such file or directory.
../log/1000.log: No such file or directory.
../log/1000.log: No such file or directory.
../log/1000.log: No such file or directory.
../log/1000.log: No such file or directory.
../log/1000.log: No such file or directory.
../log/1000.log: No such file or directory.
../log/1000.log: No such file or directory.
../log/1000.log: No such file or directory.
../log/1000.log: No such file or directory.
../log/1000.log: No such file or directory.
../log/1000.log: No such file or directory.
../log/1000.log: No such file or directory.
../log/1000.log: No such file or directory.
../log/1000.log: No such file or directory.
../log/1000.log: No such file or directory.
../log/1000.log: No such file or directory.
../log/1000.log: No such file or directory.
../log/1000.log: No such file or directory.
../log/1000.log: No such file or directory.
../log/1000.log: No such file or directory.
../log/1000.log: No such file or directory.
../log/1000.log: No such file or directory.
../log/1000.log: No such file or directory.
../log/1000.log: No such file or directory.
../log/1000.log: No such file or directory.
../log/1000.log: No such file or directory.
../log/1000.log: No such file or directory.
../log/1000.log: No such file or directory.
../log/1000.log: No such file or directory.
../log/1000.log: No such file or directory.
../log/1000.log: No such file or directory.
../log/1000.log: No such file or directory.
../log/1000.log: No such file or directory.
../log/1000.log: No such file or directory.
../log/1000.log: No such file or directory.
../log/1000.log: No such file or directory.
../log/1000.log: No such file or directory.
../log/1000.log: No such file or directory.
../log/1000.log: No such file or directory.
../log/1000.log: No such file or directory.
../log/1000.log: No such file or directory.
../log/1000.log: No such file or directory.
../log/1000.log: No such file or directory.
../log/1000.log: No such file or directory.
../log/1000.log: No such file or directory.
../log/1000.log: No such file or directory.
../log/1000.log: No such file or directory.
../log/1000.log: No such file or directory.
../log/1000.log: No such file or directory.
../log/1000.log: No such file or directory.
../log/1000.log: No such file or directory.
../log/1000.log: No such file or directory.
../log/1000.log: No such file or directory.
../log/1000.log: No such file or directory.
../log/1000.log: No such file or directory.
../log/1000.log: No such file or directory.
../log/1000.log: No such file or directory.
../log/1000.log: No such file or directory.
../log/1000.log: No such file or directory.
../log/1000.log: No such file or directory.
../log/1000.log: No such file or directory.
../log/1000.log: No such file or directory.
../log/1000.log: No such file or directory.
../log/1000.log: No such file or directory.
../log/1000.log: No such file or directory.
../log/1000.log: No such file or directory.
../log/1000.log: No such file or directory.
../log/1000.log: No such file or directory.
../log/1000.log: No such file or directory.
../log/1000.log: No such file or directory.
../log/1000.log: No such file or directory.
../log/1000.log: No such file or directory.
../log/1000.log: No such file or directory.
../log/1000.log: No such file or directory.
../log/1000.log: No such file or directory.
../log/1000.log: No such file or directory.
../log/1000.log: No such file or directory.
../log/1000.log: No such file or directory.
../log/1000.log: No such file or directory.
../log/1000.log: No such file or directory.
../log/1000.log: No such file or directory.
../log/1000.log: No such file or directory.
../log/1000.log: No such file or directory.
../log/1000.log: No such file or directory.
../log/1000.log: No such file or directory.
../log/1000.log: No such file or directory.
../log/1000.log: No such file or directory.
../log/1000.log: No such file or directory.
../log/1000.log: No such file or directory.
../log/1000.log: No such file or directory.
../log/1000.log: No such file or directory.
../log/1000.log: No such file or directory.
../log/1000.log: No such file or directory.
../log/1000.log: No such file or directory.
../log/1000.log: No such file or directory.
../log/1000.log: No such file or directory.
../log/1000.log: No such file or directory.
../log/1000.log: No such file or directory.
../log/1000.log: No such file or directory.
../log/1000.log: No such file or directory.
../log/1000.log: No such file or directory.
../log/1000.log: No such file or directory.
../log/1000.log: No such file or directory.
../log/1000.log: No such file or directory.
../log/1000.log: No such file or directory.
../log/1000.log: No such file or directory.
../log/1000.log: No such file or directory.
../log/1000.log: No such file or directory.
../log/1000.log: No such file or directory.
../log/1000.log: No such file or directory.
../log/1000.log: No such file or directory.
../log/1000.log: No such file or directory.
../log/1000.log: No such file or directory.
../log/1000.log: No such file or directory.
../log/1000.log: No such file or directory.
../log/1000.log: No such file or directory.
../log/1000.log: No such file or directory.
../log/1000.log: No such file or directory.
../log/1000.log: No such file or directory.
../log/1000.log: No such file or directory.
../log/1000.log: No such file or directory.
../log/1000.log: No such file or directory.
../log/1000.log: No such file or directory.
../log/1000.log: No such file or directory.
../log/1000.log: No such file or directory.
../log/1000.log: No such file or directory.
../log/1000.log: No such file or directory.
../log/1000.log: No such file or directory.
../log/1000.log: No such file or directory.
../log/1000.log: No such file or directory.
../log/1000.log: No such file or directory.
../log/1000.log: No such file or directory.
../log/1000.log: No such file or directory.
../log/1000.log: No such file or directory.
../log/1000.log: No such file or directory.
../log/1000.log: No such file or directory.
../log/1000.log: No such file or directory.
../log/1000.log: No such file or directory.
../log/1000.log: No such file or directory.
../log/1000.log: No such file or directory.
../log/1000.log: No such file or directory.
../log/1000.log: No such file or directory.
../log/1000.log: No such file or directory.
../log/1000.log: No such file or directory.
../log/1000.log: No such file or directory.
../log/1000.log: No such file or directory.
../log/1000.log: No such file or directory.
../log/1000.log: No such file or directory.
../log/1000.log: No such file or directory.
../log/1000.log: No such file or directory.
../log/1000.log: No such file or directory.
../log/1000.log: No such file or directory.
../log/1000.log: No such file or directory.
../log/1000.log: No such file or directory.
../log/1000.log: No such file or directory.
../log/1000.log: No such file or directory.
../log/1000.log: No such file or directory.
../log/1000.log: No such file or directory.
../log/1000.log: No such file or directory.
../log/1000.log: No such file or directory.
../log/1000.log: No such file or directory.
../log/1000.log: No such file or directory.
../log/1000.log: No such file or directory.
../log/1000.log: No such file or directory.
../log/1000.log: No such file or directory.
../log/1000.log: No such file or directory.
../log/1000.log: No such file or directory.
../log/1000.log: No such file or directory.
../log/1000.log: No such file or directory.
../log/1000.log: No such file or directory.
../log/1000.log: No such file or directory.
../log/1000.log: No such file or directory.
../log/1000.log: No such file or directory.
../log/1000.log: No such file or directory.
../log/1000.log: No such file or directory.
../log/1000.log: No such file or directory.
../log/1000.log: No such file or directory.
../log/1000.log: No such file or directory.
../log/1000.log: No such file or directory.
../log/1000.log: No such file or directory.
../log/1000.log: No such file or directory.
../log/1000.log: No such file or directory.
../log/1000.log: No such file or directory.
../log/1000.log: No such file or directory.
../log/1000.log: No such file or directory.
../log/1000.log: No such file or directory.
../log/1000.log: No such file or directory.
../log/1000.log: No such file or directory.
../log/1000.log: No such file or directory.
../log/1000.log: No such file or directory.
../log/1000.log: No such file or directory.
../log/1000.log: No such file or directory.
../log/1000.log: No such file or directory.
../log/1000.log: No such file or directory.
../log/1000.log: No such file or directory.
../log/1000.log: No such file or directory.
../log/1000.log: No such file or directory.
../log/1000.log: No such file or directory.
../log/1000.log: No such file or directory.
../log/1000.log: No such file or directory.
../log/1000.log: No such file or directory.
../log/1000.log: No such file or directory.
../log/1000.log: No such file or directory.
../log/1000.log: No such file or directory.
../log/1000.log: No such file or directory.
../log/1000.log: No such file or directory.
../log/1000.log: No such file or directory.
../log/1000.log: No such file or directory.
../log/1000.log: No such file or directory.
../log/1000.log: No such file or directory.
../log/1000.log: No such file or directory.
../log/1000.log: No such file or directory.
../log/1000.log: No such file or directory.
../log/1000.log: No such file or directory.
../log/1000.log: No such file or directory.
../log/1000.log: No such file or directory.
../log/1000.log: No such file or directory.
../log/1000.log: No such file or directory.
../log/1000.log: No such file or directory.
../log/1000.log: No such file or directory.
../log/1000.log: No such file or directory.
../log/1000.log: No such file or directory.
../log/1000.log: No such file or directory.
../log/1000.log: No such file or directory.
../log/1000.log: No such file or directory.
../log/1000.log: No such file or directory.
../log/1000.log: No such file or directory.
../log/1000.log: No such file or directory.
../log/1000.log: No such file or directory.
../log/1000.log: No such file or directory.
../log/1000.log: No such file or directory.
../log/1000.log: No such file or directory.
../log/1000.log: No such file or directory.
../log/1000.log: No such file or directory.
../log/1000.log: No such file or directory.
../log/1000.log: No such file or directory.
../log/1000.log: No such file or directory.
../log/1000.log: No such file or directory.
../log/1000.log: No such file or directory.
../log/1000.log: No such file or directory.
../log/1000.log: No such file or directory.
../log/1000.log: No such file or directory.
../log/1000.log: No such file or directory.
../log/1000.log: No such file or directory.
../log/1000.log: No such file or directory.
../log/1000.log: No such file or directory.
../log/1000.log: No such file or directory.
../log/1000.log: No such file or directory.
../log/1000.log: No such file or directory.
../log/1000.log: No such file or directory.
../log/1000.log: No such file or directory.
../log/1000.log: No such file or directory.
../log/1000.log: No such file or directory.
../log/1000.log: No such file or directory.
../log/1000.log: No such file or directory.
../log/1000.log: No such file or directory.
../log/1000.log: No such file or directory.
../log/1000.log: No such file or directory.
../log/1000.log: No such file or directory.
../log/1000.log: No such file or directory.
../log/1000.log: No such file or directory.
../log/1000.log: No such file or directory.
../log/1000.log: No such file or directory.
../log/1000.log: No such file or directory.
../log/1000.log: No such file or directory.
../log/1000.log: No such file or directory.
../log/1000.log: No such file or directory.
../log/1000.log: No such file or directory.
../log/1000.log: No such file or directory.
../log/1000.log: No such file or directory.
../log/1000.log: No such file or directory.
../log/1000.log: No such file or directory.
../log/1000.log: No such file or directory.
../log/1000.log: No such file or directory.
../log/1000.log: No such file or directory.
../log/1000.log: No such file or directory.
../log/1000.log: No such file or directory.
../log/1000.log: No such file or directory.
../log/1000.log: No such file or directory.
../log/1000.log: No such file or directory.
../log/1000.log: No such file or directory.
../log/1000.log: No such file or directory.
../log/1000.log: No such file or directory.
../log/1000.log: No such file or directory.
../log/1000.log: No such file or directory.
../log/1000.log: No such file or directory.
../log/1000.log: No such file or directory.
../log/1000.log: No such file or directory.
../log/1000.log: No such file or directory.
../log/1000.log: No such file or directory.
../log/1000.log: No such file or directory.
../log/1000.log: No such file or directory.
../log/1000.log: No such file or directory.
../log/1000.log: No such file or directory.
../log/1000.log: No such file or directory.
../log/1000.log: No such file or directory.
../log/1000.log: No such file or directory.
../log/1000.log: No such file or directory.
../log/1000.log: No such file or directory.
../log/1000.log: No such file or directory.
../log/1000.log: No such file or directory.
../log/1000.log: No such file or directory.
../log/1000.log: No such file or directory.
../log/1000.log: No such file or directory.
../log/1000.log: No such file or directory.
../log/1000.log: No such file or directory.
../log/1000.log: No such file or directory.
../log/1000.log: No such file or directory.
../log/1000.log: No such file or directory.
../log/1000.log: No such file or directory.
../log/1000.log: No such file or directory.
../log/1000.log: No such file or directory.
../log/1000.log: No such file or directory.
../log/1000.log: No such file or directory.
../log/1000.log: No such file or directory.
../log/1000.log: No such file or directory.
../log/1000.log: No such file or directory.
../log/1000.log: No such file or directory.
../log/1000.log: No such file or directory.
../log/1000.log: No such file or directory.
../log/1000.log: No such file or directory.
../log/1000.log: No such file or directory.
../log/1000.log: No such file or directory.
../log/1000.log: No such file or directory.
../log/1000.log: No such file or directory.
../log/1000.log: No such file or directory.
../log/1000.log: No such file or directory.
../log/1000.log: No such file or directory.
../log/1000.log: No such file or directory.
../log/1000.log: No such file or directory.
../log/1000.log: No such file or directory.
../log/1000.log: No such file or directory.
../log/1000.log: No such file or directory.
../log/1000.log: No such file or directory.
../log/1000.log: No such file or directory.
../log/1000.log: No such file or directory.
../log/1000.log: No such file or directory.
../log/1000.log: No such file or directory.
../log/1000.log: No such file or directory.
../log/1000.log: No such file or directory.
../log/1000.log: No such file or directory.
../log/1000.log: No such file or directory.
../log/1000.log: No such file or directory.
../log/1000.log: No such file or directory.
../log/1000.log: No such file or directory.
../log/1000.log: No such file or directory.
../log/1000.log: No such file or directory.
../log/1000.log: No such file or directory.
../log/1000.log: No such file or directory.
../log/1000.log: No such file or directory.
../log/1000.log: No such file or directory.
../log/1000.log: No such file or directory.
../log/1000.log: No such file or directory.
../log/1000.log: No such file or directory.
../log/1000.log: No such file or directory.
../log/1000.log: No such file or directory.
../log/1000.log: No such file or directory.
../log/1000.log: No such file or directory.
../log/1000.log: No such file or directory.
../log/1000.log: No such file or directory.
../log/1000.log: No such file or directory.
../log/1000.log: No such file or directory.
../log/1000.log: No such file or directory.
../log/1000.log: No such file or directory.
../log/1000.log: No such file or directory.
../log/1000.log: No such file or directory.
../log/1000.log: No such file or directory.
../log/1000.log: No such file or directory.
../log/1000.log: No such file or directory.
../log/1000.log: No such file or directory.
../log/1000.log: No such file or directory.
../log/1000.log: No such file or directory.
../log/1000.log: No such file or directory.
../log/1000.log: No such file or directory.
../log/1000.log: No such file or directory.
../log/1000.log: No such file or directory.
../log/1000.log: No such file or directory.
../log/1000.log: No such file or directory.
../log/1000.log: No such file or directory.
../log/1000.log: No such file or directory.
../log/1000.log: No such file or directory.
../log/1000.log: No such file or directory.
../log/1000.log: No such file or directory.
../log/1000.log: No such file or directory.
../log/1000.log: No such file or directory.
../log/1000.log: No such file or directory.
../log/1000.log: No such file or directory.
../log/1000.log: No such file or directory.
../log/1000.log: No such file or directory.
../log/1000.log: No such file or directory.
../log/1000.log: No such file or directory.
../log/1000.log: No such file or directory.
../log/1000.log: No such file or directory.
../log/1000.log: No such file or directory.
../log/1000.log: No such file or directory.
../log/1000.log: No such file or directory.
../log/1000.log: No such file or directory.
../log/1000.log: No such file or directory.
../log/1000.log: No such file or directory.
../log/1000.log: No such file or directory.
../log/1000.log: No such file or directory.
../log/1000.log: No such file or directory.
../log/1000.log: No such file or directory.
../log/1000.log: No such file or directory.
../log/1000.log: No such file or directory.
../log/1000.log: No such file or directory.
../log/1000.log: No such file or directory.
../log/1000.log: No such file or directory.
../log/1000.log: No such file or directory.
../log/1000.log: No such file or directory.
../log/1000.log: No such file or directory.
../log/1000.log: No such file or directory.
../log/1000.log: No such file or directory.
../log/1000.log: No such file or directory.
../log/1000.log: No such file or directory.
../log/1000.log: No such file or directory.
../log/1000.log: No such file or directory.
../log/1000.log: No such file or directory.
../log/1000.log: No such file or directory.
../log/1000.log: No such file or directory.
../log/1000.log: No such file or directory.
../log/1000.log: No such file or directory.
../log/1000.log: No such file or directory.
../log/1000.log: No such file or directory.
../log/1000.log: No such file or directory.
../log/1000.log: No such file or directory.
../log/1000.log: No such file or directory.
../log/1000.log: No such file or directory.
../log/1000.log: No such file or directory.
../log/1000.log: No such file or directory.
../log/1000.log: No such file or directory.
../log/1000.log: No such file or directory.
../log/1000.log: No such file or directory.
../log/1000.log: No such file or directory.
../log/1000.log: No such file or directory.
../log/1000.log: No such file or directory.
../log/1000.log: No such file or directory.
../log/1000.log: No such file or directory.
../log/1000.log: No such file or directory.
../log/1000.log: No such file or directory.
../log/1000.log: No such file or directory.
../log/1000.log: No such file or directory.
../log/1000.log: No such file or directory.
../log/1000.log: No such file or directory.
../log/1000.log: No such file or directory.
../log/1000.log: No such file or directory.
../log/1000.log: No such file or directory.
../log/1000.log: No such file or directory.
../log/1000.log: No such file or directory.
../log/1000.log: No such file or directory.
../log/1000.log: No such file or directory.
../log/1000.log: No such file or directory.
../log/1000.log: No such file or directory.
../log/1000.log: No such file or directory.
../log/1000.log: No such file or directory.
../log/1000.log: No such file or directory.
../log/1000.log: No such file or directory.
../log/1000.log: No such file or directory.
../log/1000.log: No such file or directory.
../log/1000.log: No such file or directory.
../log/1000.log: No such file or directory.
../log/1000.log: No such file or directory.
../log/1000.log: No such file or directory.
../log/1000.log: No such file or directory.
../log/1000.log: No such file or directory.
../log/1000.log: No such file or directory.
../log/1000.log: No such file or directory.
../log/1000.log: No such file or directory.
../log/1000.log: No such file or directory.
../log/1000.log: No such file or directory.
../log/1000.log: No such file or directory.
../log/1000.log: No such file or directory.
../log/1000.log: No such file or directory.
../log/1000.log: No such file or directory.
../log/1000.log: No such file or directory.
../log/1000.log: No such file or directory.
../log/1000.log: No such file or directory.
../log/1000.log: No such file or directory.
../log/1000.log: No such file or directory.
../log/1000.log: No such file or directory.
../log/1000.log: No such file or directory.
../log/1000.log: No such file or directory.
../log/1000.log: No such file or directory.
../log/1000.log: No such file or directory.
../log/1000.log: No such file or directory.
../log/1000.log: No such file or directory.
../log/1000.log: No such file or directory.
../log/1000.log: No such file or directory.
../log/1000.log: No such file or directory.
../log/1000.log: No such file or directory.
../log/1000.log: No such file or directory.
../log/1000.log: No such file or directory.
../log/1000.log: No such file or directory.
../log/1000.log: No such file or directory.
../log/1000.log: No such file or directory.
../log/1000.log: No such file or directory.
../log/1000.log: No such file or directory.
../log/1000.log: No such file or directory.
../log/1000.log: No such file or directory.
../log/1000.log: No such file or directory.
../log/1000.log: No such file or directory.
../log/1000.log: No such file or directory.
../log/1000.log: No such file or directory.
../log/1000.log: No such file or directory.
../log/1000.log: No such file or directory.
../log/1000.log: No such file or directory.
../log/1000.log: No such file or directory.
../log/1000.log: No such file or directory.
../log/1000.log: No such file or directory.
../log/1000.log: No such file or directory.
../log/1000.log: No such file or directory.
../log/1000.log: No such file or directory.
../log/1000.log: No such file or directory.
../log/1000.log: No such file or directory.
../log/1000.log: No such file or directory.
../log/1000.log: No such file or directory.
../log/1000.log: No such file or directory.
../log/1000.log: No such file or directory.
../log/1000.log: No such file or directory.
../log/1000.log: No such file or directory.
../log/1000.log: No such file or directory.
../log/1000.log: No such file or directory.
../log/1000.log: No such file or directory.
../log/1000.log: No such file or directory.
../log/1000.log: No such file or directory.
../log/1000.log: No such file or directory.
../log/1000.log: No such file or directory.
../log/1000.log: No such file or directory.
../log/1000.log: No such file or directory.
../log/1000.log: No such file or directory.
../log/1000.log: No such file or directory.
../log/1000.log: No such file or directory.
../log/1000.log: No such file or directory.
../log/1000.log: No such file or directory.
../log/1000.log: No such file or directory.
../log/1000.log: No such file or directory.
../log/1000.log: No such file or directory.
../log/1000.log: No such file or directory.
../log/1000.log: No such file or directory.
../log/1000.log: No such file or directory.
../log/1000.log: No such file or directory.
Segmentation fault (core dumped)
